16:27:29 **** Incremental Build of configuration Debug for project STM32F7508-DK ****
make -j4 all 
arm-none-eabi-gcc "../Application/User/sysmem.c" -mcpu=cortex-m7 -std=gnu11 -g3 -DUSE_HAL_DRIVER -DSTM32F750xx -DDEBUG -c -I../../Core/Inc -I../../Drivers/CMSIS/Include -I../../Drivers/BSP/STM32F7508-Discovery -I../../TouchGFX/target -I../../Drivers/CMSIS/Device/ST/STM32F7xx/Include -I../../Drivers/STM32F7xx_HAL_Driver/Inc -I../../TouchGFX/App -I../../Middlewares/Third_Party/FreeRTOS/Source/CMSIS_RTOS -I../../TouchGFX/target/generated -I../../Drivers/STM32F7xx_HAL_Driver/Inc/Legacy -I../../Drivers/BSP/Components/Common -I../../Middlewares/Third_Party/FreeRTOS/Source/portable/GCC/ARM_CM7/r0p1 -I../../Middlewares/Third_Party/FreeRTOS/Source/include -I../../Middlewares/ST/touchgfx/framework/include -I../../TouchGFX/generated/fonts/include -I../../TouchGFX/generated/gui_generated/include -I../../TouchGFX/generated/images/include -I../../TouchGFX/generated/texts/include -I../../TouchGFX/gui/include -I../../Middlewares/Third_Party/FreeRTOS/Source/CMSIS_RTOS_V2 -Os -ffunction-sections -fdata-sections -Wall -fstack-usage -fcyclomatic-complexity -MMD -MP -MF"Application/User/sysmem.d" -MT"Application/User/sysmem.o" --specs=nano.specs -mfpu=fpv5-sp-d16 -mfloat-abi=hard -mthumb -o "Application/User/sysmem.o"
arm-none-eabi-g++ -o "STM32F7508-DK.elf" @"objects.list"  -l:libtouchgfx-float-abi-hard.a -mcpu=cortex-m7 -T"C:\Users\user\Downloads\TUT1_ButtonLED\TUT1_ButtonLED\STM32CubeIDE\STM32F750N8HX_FLASH.ld" --specs=nosys.specs -Wl,-Map="STM32F7508-DK.map" -Wl,--gc-sections -static -LC:/TouchGFXProjects/TUT1_ButtonLED/Middlewares/ST/touchgfx/lib/core/cortex_m7/gcc --specs=nano.specs -mfpu=fpv5-sp-d16 -mfloat-abi=hard -mthumb -Wl,--start-group -lc -lm -lstdc++ -lsupc++ -Wl,--end-group
C:/ST/STM32CubeIDE_1.12.0/STM32CubeIDE/plugins/com.st.stm32cube.ide.mcu.externaltools.gnu-tools-for-stm32.11.3.rel1.win32_1.1.0.202305231506/tools/bin/../lib/gcc/arm-none-eabi/11.3.1/../../../../arm-none-eabi/bin/ld.exe: cannot find -l:libtouchgfx-float-abi-hard.a: No such file or directory
collect2.exe: error: ld returned 1 exit status
make: *** [makefile:91: STM32F7508-DK.elf] Error 1
"make -j4 all" terminated with exit code 2. Build might be incomplete.

16:27:30 Build Failed. 2 errors, 0 warnings. (took 1s.99ms)

