16:28:56 **** Incremental Build of configuration Debug for project tft4inch ****
make -j4 all 
arm-none-eabi-gcc "../Core/Src/spi.c" -mcpu=cortex-m7 -std=gnu11 -g3 -DDEBUG -DUSE_HAL_DRIVER -DSTM32H750xx -c -I../Core/Inc -I../Drivers/STM32H7xx_HAL_Driver/Inc -I../Drivers/STM32H7xx_HAL_Driver/Inc/Legacy -I../Drivers/CMSIS/Device/ST/STM32H7xx/Include -I../Drivers/CMSIS/Include -O0 -ffunction-sections -fdata-sections -Wall -fstack-usage -fcyclomatic-complexity -MMD -MP -MF"Core/Src/spi.d" -MT"Core/Src/spi.o" --specs=nano.specs -mfpu=fpv5-d16 -mfloat-abi=hard -mthumb -o "Core/Src/spi.o"
../Core/Src/spi.c: In function 'MX_SPI4_Init':
../Core/Src/spi.c:68:3: warning: implicit declaration of function 'SPI4_ReadWriteByte' [-Wimplicit-function-declaration]
   68 |   SPI4_ReadWriteByte(0Xff);
      |   ^~~~~~~~~~~~~~~~~~
arm-none-eabi-gcc -o "tft4inch.elf" @"objects.list"   -mcpu=cortex-m7 -T"D:\STM32\tft4inch\STM32H750VBTX_FLASH.ld" --specs=nosys.specs -Wl,-Map="tft4inch.map" -Wl,--gc-sections -static --specs=nano.specs -mfpu=fpv5-d16 -mfloat-abi=hard -mthumb -Wl,--start-group -lc -lm -Wl,--end-group
c:\st\stm32cubeide_1.12.0\stm32cubeide\plugins\com.st.stm32cube.ide.mcu.externaltools.gnu-tools-for-stm32.10.3-2021.10.win32_1.0.200.202301161003\tools\arm-none-eabi\bin\ld.exe: ./Core/Src/lcd.o: in function `LCD_WR_REG':
D:/STM32/tft4inch/Debug/../Core/Src/lcd.c:24: undefined reference to `SPI4_ReadWriteByte'
c:\st\stm32cubeide_1.12.0\stm32cubeide\plugins\com.st.stm32cube.ide.mcu.externaltools.gnu-tools-for-stm32.10.3-2021.10.win32_1.0.200.202301161003\tools\arm-none-eabi\bin\ld.exe: ./Core/Src/lcd.o: in function `LCD_WR_DATA':
D:/STM32/tft4inch/Debug/../Core/Src/lcd.c:31: undefined reference to `SPI4_ReadWriteByte'
c:\st\stm32cubeide_1.12.0\stm32cubeide\plugins\com.st.stm32cube.ide.mcu.externaltools.gnu-tools-for-stm32.10.3-2021.10.win32_1.0.200.202301161003\tools\arm-none-eabi\bin\ld.exe: ./Core/Src/lcd.o: in function `Lcd_WriteData_16Bit':
D:/STM32/tft4inch/Debug/../Core/Src/lcd.c:49: undefined reference to `SPI4_ReadWriteByte'
c:\st\stm32cubeide_1.12.0\stm32cubeide\plugins\com.st.stm32cube.ide.mcu.externaltools.gnu-tools-for-stm32.10.3-2021.10.win32_1.0.200.202301161003\tools\arm-none-eabi\bin\ld.exe: D:/STM32/tft4inch/Debug/../Core/Src/lcd.c:50: undefined reference to `SPI4_ReadWriteByte'
c:\st\stm32cubeide_1.12.0\stm32cubeide\plugins\com.st.stm32cube.ide.mcu.externaltools.gnu-tools-for-stm32.10.3-2021.10.win32_1.0.200.202301161003\tools\arm-none-eabi\bin\ld.exe: ./Core/Src/lcd.o: in function `LCD_Clear':
D:/STM32/tft4inch/Debug/../Core/Src/lcd.c:70: undefined reference to `SPI4_ReadWriteByte'
c:\st\stm32cubeide_1.12.0\stm32cubeide\plugins\com.st.stm32cube.ide.mcu.externaltools.gnu-tools-for-stm32.10.3-2021.10.win32_1.0.200.202301161003\tools\arm-none-eabi\bin\ld.exe: ./Core/Src/lcd.o:D:/STM32/tft4inch/Debug/../Core/Src/lcd.c:71: more undefined references to `SPI4_ReadWriteByte' follow
collect2.exe: error: ld returned 1 exit status
make: *** [makefile:67: tft4inch.elf] Error 1
"make -j4 all" terminated with exit code 2. Build might be incomplete.

16:28:57 Build Failed. 11 errors, 1 warnings. (took 1s.312ms)

